<?xml version="1.0" encoding="UTF-8"?>
<testng-results ignored="0" total="1" passed="1" failed="0" skipped="0">
  <reporter-output>
  </reporter-output>
  <suite started-at="2022-02-09T10:08:55 IST" name="Suite" finished-at="2022-02-09T10:09:51 IST" duration-ms="55326">
    <groups>
    </groups>
    <test started-at="2022-02-09T10:08:55 IST" name="Test" finished-at="2022-02-09T10:09:51 IST" duration-ms="55326">
      <class name="com.Testcases.BaseTest">
        <test-method is-config="true" signature="setup()[pri:0, instance:com.Testcases.BaseTest@57bc27f5]" started-at="2022-02-09T10:08:55 IST" name="setup" finished-at="2022-02-09T10:09:15 IST" duration-ms="19405" status="PASS">
          <reporter-output>
          </reporter-output>
        </test-method> <!-- setup -->
        <test-method signature="webApp()[pri:0, instance:com.Testcases.BaseTest@57bc27f5]" started-at="2022-02-09T10:09:15 IST" name="webApp" finished-at="2022-02-09T10:09:51 IST" duration-ms="35779" status="PASS">
          <reporter-output>
          </reporter-output>
        </test-method> <!-- webApp -->
      </class> <!-- com.Testcases.BaseTest -->
    </test> <!-- Test -->
  </suite> <!-- Suite -->
</testng-results>
